[12:00 UTC] METAR scanner démarré
  📡 Seoul (RKSI) — 21h locale ≥ 16h pic → vérif METAR
    🌡 Max depuis minuit : 11.0°C
    ℹ Aucun signal actif pour Seoul aujourd'hui
  📡 Tokyo (RJTT) — 21h locale ≥ 16h pic → vérif METAR
    🌡 Max depuis minuit : 13.0°C
    ℹ Aucun signal actif pour Tokyo aujourd'hui
  📡 Singapore (WSSS) — 20h locale ≥ 15h pic → vérif METAR
    🌡 Max depuis minuit : 33.0°C
    ℹ Aucun signal actif pour Singapore aujourd'hui
  📡 Taipei (RCTP) — 20h locale ≥ 16h pic → vérif METAR
    🌡 Max depuis minuit : 24.0°C
    ℹ Aucun signal actif pour Taipei aujourd'hui

  💾 0 signaux METAR intraday sauvegardés → metar.json
[12:15 UTC] METAR scanner démarré
  📡 Seoul (RKSI) — 21h locale ≥ 16h pic → vérif METAR
    🌡 Max depuis minuit : 11.0°C
    ℹ Aucun signal actif pour Seoul aujourd'hui
  📡 Tokyo (RJTT) — 21h locale ≥ 16h pic → vérif METAR
    🌡 Max depuis minuit : 13.0°C
    ℹ Aucun signal actif pour Tokyo aujourd'hui
  📡 Singapore (WSSS) — 20h locale ≥ 15h pic → vérif METAR
    🌡 Max depuis minuit : 33.0°C
    ℹ Aucun signal actif pour Singapore aujourd'hui
  📡 Taipei (RCTP) — 20h locale ≥ 16h pic → vérif METAR
    🌡 Max depuis minuit : 24.0°C
    ℹ Aucun signal actif pour Taipei aujourd'hui

  💾 0 signaux METAR intraday sauvegardés → metar.json
[12:30 UTC] METAR scanner démarré
  📡 Seoul (RKSI) — 21h locale ≥ 16h pic → vérif METAR
    🌡 Max depuis minuit : 11.0°C
    ℹ Aucun signal actif pour Seoul aujourd'hui
  📡 Tokyo (RJTT) — 21h locale ≥ 16h pic → vérif METAR
    🌡 Max depuis minuit : 13.0°C
    ℹ Aucun signal actif pour Tokyo aujourd'hui
  📡 Singapore (WSSS) — 20h locale ≥ 15h pic → vérif METAR
    🌡 Max depuis minuit : 33.0°C
    ℹ Aucun signal actif pour Singapore aujourd'hui
  📡 Taipei (RCTP) — 20h locale ≥ 16h pic → vérif METAR
    🌡 Max depuis minuit : 24.0°C
    ℹ Aucun signal actif pour Taipei aujourd'hui

  💾 0 signaux METAR intraday sauvegardés → metar.json
[12:45 UTC] METAR scanner démarré
  📡 Seoul (RKSI) — 21h locale ≥ 16h pic → vérif METAR
    🌡 Max depuis minuit : 11.0°C
    ℹ Aucun signal actif pour Seoul aujourd'hui
  📡 Tokyo (RJTT) — 21h locale ≥ 16h pic → vérif METAR
    🌡 Max depuis minuit : 13.0°C
    ℹ Aucun signal actif pour Tokyo aujourd'hui
  📡 Singapore (WSSS) — 20h locale ≥ 15h pic → vérif METAR
    🌡 Max depuis minuit : 33.0°C
    ℹ Aucun signal actif pour Singapore aujourd'hui
  📡 Taipei (RCTP) — 20h locale ≥ 16h pic → vérif METAR
    🌡 Max depuis minuit : 24.0°C
    ℹ Aucun signal actif pour Taipei aujourd'hui

  💾 0 signaux METAR intraday sauvegardés → metar.json
[13:00 UTC] METAR scanner démarré
  📡 Seoul (RKSI) — 22h locale ≥ 16h pic → vérif METAR
    🌡 Max depuis minuit : 11.0°C
    ℹ Aucun signal actif pour Seoul aujourd'hui
  📡 Tokyo (RJTT) — 22h locale ≥ 16h pic → vérif METAR
    🌡 Max depuis minuit : 13.0°C
    ℹ Aucun signal actif pour Tokyo aujourd'hui
  📡 Singapore (WSSS) — 21h locale ≥ 15h pic → vérif METAR
    🌡 Max depuis minuit : 33.0°C
    ℹ Aucun signal actif pour Singapore aujourd'hui
  📡 Taipei (RCTP) — 21h locale ≥ 16h pic → vérif METAR
    🌡 Max depuis minuit : 24.0°C
    ℹ Aucun signal actif pour Taipei aujourd'hui

  💾 0 signaux METAR intraday sauvegardés → metar.json
[13:15 UTC] METAR scanner démarré
  📡 Seoul (RKSI) — 22h locale ≥ 16h pic → vérif METAR
    🌡 Max depuis minuit : 11.0°C
    ℹ Aucun signal actif pour Seoul aujourd'hui
  📡 Tokyo (RJTT) — 22h locale ≥ 16h pic → vérif METAR
    🌡 Max depuis minuit : 13.0°C
    ℹ Aucun signal actif pour Tokyo aujourd'hui
  📡 Singapore (WSSS) — 21h locale ≥ 15h pic → vérif METAR
    🌡 Max depuis minuit : 33.0°C
    ℹ Aucun signal actif pour Singapore aujourd'hui
  📡 Taipei (RCTP) — 21h locale ≥ 16h pic → vérif METAR
    🌡 Max depuis minuit : 24.0°C
    ℹ Aucun signal actif pour Taipei aujourd'hui

  💾 0 signaux METAR intraday sauvegardés → metar.json
[13:30 UTC] METAR scanner démarré
  📡 Seoul (RKSI) — 22h locale ≥ 16h pic → vérif METAR
    🌡 Max depuis minuit : 11.0°C
    ℹ Aucun signal actif pour Seoul aujourd'hui
  📡 Tokyo (RJTT) — 22h locale ≥ 16h pic → vérif METAR
    🌡 Max depuis minuit : 13.0°C
    ℹ Aucun signal actif pour Tokyo aujourd'hui
  📡 Singapore (WSSS) — 21h locale ≥ 15h pic → vérif METAR
    🌡 Max depuis minuit : 33.0°C
    ℹ Aucun signal actif pour Singapore aujourd'hui
  📡 Taipei (RCTP) — 21h locale ≥ 16h pic → vérif METAR
    🌡 Max depuis minuit : 24.0°C
    ℹ Aucun signal actif pour Taipei aujourd'hui

  💾 0 signaux METAR intraday sauvegardés → metar.json
[13:45 UTC] METAR scanner démarré
  📡 Seoul (RKSI) — 22h locale ≥ 16h pic → vérif METAR
    🌡 Max depuis minuit : 11.0°C
    ℹ Aucun signal actif pour Seoul aujourd'hui
  📡 Tokyo (RJTT) — 22h locale ≥ 16h pic → vérif METAR
    🌡 Max depuis minuit : 13.0°C
    ℹ Aucun signal actif pour Tokyo aujourd'hui
  📡 Singapore (WSSS) — 21h locale ≥ 15h pic → vérif METAR
    🌡 Max depuis minuit : 33.0°C
    ℹ Aucun signal actif pour Singapore aujourd'hui
  📡 Taipei (RCTP) — 21h locale ≥ 16h pic → vérif METAR
    🌡 Max depuis minuit : 24.0°C
    ℹ Aucun signal actif pour Taipei aujourd'hui

  💾 0 signaux METAR intraday sauvegardés → metar.json
[14:00 UTC] METAR scanner démarré
  📡 Seoul (RKSI) — 23h locale ≥ 16h pic → vérif METAR
    🌡 Max depuis minuit : 11.0°C
    ℹ Aucun signal actif pour Seoul aujourd'hui
  📡 Tokyo (RJTT) — 23h locale ≥ 16h pic → vérif METAR
    🌡 Max depuis minuit : 13.0°C
    ℹ Aucun signal actif pour Tokyo aujourd'hui
  📡 Singapore (WSSS) — 22h locale ≥ 15h pic → vérif METAR
    🌡 Max depuis minuit : 33.0°C
    ℹ Aucun signal actif pour Singapore aujourd'hui
  📡 Taipei (RCTP) — 22h locale ≥ 16h pic → vérif METAR
    🌡 Max depuis minuit : 24.0°C
    ℹ Aucun signal actif pour Taipei aujourd'hui

  💾 0 signaux METAR intraday sauvegardés → metar.json
