[22:00 UTC] Scanner démarré
→ Récupération des marchés Polymarket...
  44 marchés trouvés (317 brackets)
→ GFS Singapore 2026-03-23 (tz=Asia/Singapore)...
  Singapore: 30 membres GFS | moy=30.6°C | range=29–32°C
    🎯     33°C → NO | GFS=3% vs Marché=31% | Edge=-27.7%
    🎯     30°C → YES | GFS=33% vs Marché=8% | Edge=+24.8%
    🎯     34°C → NO | GFS=0% vs Marché=22% | Edge=-22.0%
→ GFS Taipei 2026-03-23 (tz=Asia/Taipei)...
  Taipei: 30 membres GFS | moy=23.9°C | range=21–26°C
    🎯     27°C → NO | GFS=0% vs Marché=26% | Edge=-26.5%
    🎯     25°C → YES | GFS=40% vs Marché=18% | Edge=+22.5%
    🎯     26°C → NO | GFS=7% vs Marché=26% | Edge=-19.3%
→ GFS Madrid 2026-03-23 (tz=Europe/Madrid)...
  Madrid: 30 membres GFS | moy=16.3°C | range=12–20°C
    🎯    ≤14°C → YES | GFS=27% vs Marché=3% | Edge=+24.0%
    🎯     19°C → NO | GFS=7% vs Marché=26% | Edge=-19.8%
    🎯     21°C → NO | GFS=0% vs Marché=17% | Edge=-17.0%
→ GFS Seoul 2026-03-23 (tz=Asia/Seoul)...
  Seoul: 30 membres GFS | moy=11.3°C | range=10–13°C
    🎯     11°C → YES | GFS=50% vs Marché=10% | Edge=+39.5%
    🎯     12°C → YES | GFS=37% vs Marché=12% | Edge=+24.2%
    🎯     14°C → NO | GFS=0% vs Marché=24% | Edge=-24.0%
→ GFS Tokyo 2026-03-23 (tz=Asia/Tokyo)...
  Tokyo: 30 membres GFS | moy=15.6°C | range=13–19°C
    🎯     13°C → YES | GFS=23% vs Marché=10% | Edge=+13.3%
    🎯     18°C → NO | GFS=7% vs Marché=19% | Edge=-12.3%
    🎯     17°C → NO | GFS=10% vs Marché=21% | Edge=-11.0%
→ GFS Chicago 2026-03-23 (tz=America/Chicago)...
  Chicago: 30 membres GFS | moy=43.7°F | range=38–52°F
    🎯    ≤35°F → NO | GFS=0% vs Marché=23% | Edge=-23.4%
→ GFS Buenos Aires 2026-03-23 (tz=America/Argentina/Buenos_Aires)...
  Buenos Aires: 30 membres GFS | moy=23.7°C | range=19–27°C
    🎯     25°C → NO | GFS=10% vs Marché=23% | Edge=-13.0%
    🎯     28°C → NO | GFS=0% vs Marché=12% | Edge=-12.0%
    🎯     24°C → NO | GFS=13% vs Marché=24% | Edge=-10.2%
→ GFS Toronto 2026-03-23 (tz=America/Toronto)...
  Toronto: 30 membres GFS | moy=0.4°C | range=-5–4°C
    🎯      2°C → NO | GFS=3% vs Marché=24% | Edge=-20.7%
    🎯     ≥5°C → NO | GFS=0% vs Marché=18% | Edge=-18.5%
    🎯      1°C → NO | GFS=3% vs Marché=20% | Edge=-17.2%
→ GFS London 2026-03-23 (tz=Europe/London)...
  London: 30 membres GFS | moy=10.9°C | range=7–14°C
    🎯     ≤9°C → YES | GFS=30% vs Marché=2% | Edge=+28.5%
    🎯     10°C → YES | GFS=23% vs Marché=3% | Edge=+20.3%
    🎯     15°C → NO | GFS=3% vs Marché=20% | Edge=-17.2%
→ GFS Paris 2026-03-23 (tz=Europe/Paris)...
  Paris: 30 membres GFS | moy=13.0°C | range=9–16°C
    🎯     17°C → NO | GFS=0% vs Marché=27% | Edge=-27.0%
    🎯     16°C → NO | GFS=3% vs Marché=26% | Edge=-22.7%
    🎯     14°C → YES | GFS=37% vs Marché=20% | Edge=+16.2%
→ GFS Miami 2026-03-23 (tz=America/New_York)...
  Miami: 30 membres GFS | moy=78.8°F | range=75–81°F
    🎯    ≥90°F → NO | GFS=0% vs Marché=8% | Edge=-7.5%
→ GFS Paris 2026-03-22 (tz=Europe/Paris)...
  Paris: 30 membres GFS | moy=13.0°C | range=11–15°C
    🎯     16°C → NO | GFS=0% vs Marché=22% | Edge=-22.5%
    🎯     11°C → YES | GFS=20% vs Marché=2% | Edge=+17.9%
    🎯     12°C → YES | GFS=20% vs Marché=4% | Edge=+15.5%
→ GFS Taipei 2026-03-22 (tz=Asia/Taipei)...
  Taipei: 30 membres GFS | moy=24.3°C | range=23–25°C
    🎯     24°C → YES | GFS=47% vs Marché=6% | Edge=+40.2%
    🎯     26°C → NO | GFS=0% vs Marché=28% | Edge=-27.5%
    🎯     25°C → YES | GFS=43% vs Marché=18% | Edge=+25.8%
→ GFS Madrid 2026-03-22 (tz=Europe/Madrid)...
  Madrid: 30 membres GFS | moy=16.4°C | range=12–18°C
    🎯     20°C → NO | GFS=0% vs Marché=21% | Edge=-21.0%
    🎯     19°C → NO | GFS=7% vs Marché=24% | Edge=-16.8%
    🎯     17°C → YES | GFS=23% vs Marché=12% | Edge=+10.8%
→ GFS Toronto 2026-03-22 (tz=America/Toronto)...
  Toronto: 30 membres GFS | moy=2.3°C | range=-2–8°C
→ GFS Seoul 2026-03-22 (tz=Asia/Seoul)...
  Seoul: 30 membres GFS | moy=10.1°C | range=8–12°C
    🎯     10°C → YES | GFS=53% vs Marché=5% | Edge=+48.3%
    🎯    ≥14°C → NO | GFS=0% vs Marché=32% | Edge=-31.5%
    🎯     13°C → NO | GFS=0% vs Marché=22% | Edge=-22.5%
→ GFS Tokyo 2026-03-22 (tz=Asia/Tokyo)...
  Tokyo: 30 membres GFS | moy=16.4°C | range=15–18°C
    🎯     17°C → YES | GFS=47% vs Marché=24% | Edge=+22.2%
    🎯     16°C → YES | GFS=40% vs Marché=24% | Edge=+15.5%
    🎯     15°C → NO | GFS=10% vs Marché=24% | Edge=-14.5%
→ GFS Buenos Aires 2026-03-22 (tz=America/Argentina/Buenos_Aires)...
  Buenos Aires: 30 membres GFS | moy=24.7°C | range=23–28°C
    🎯     25°C → YES | GFS=40% vs Marché=24% | Edge=+16.5%
    🎯     24°C → YES | GFS=40% vs Marché=29% | Edge=+11.0%
    🎯     26°C → NO | GFS=10% vs Marché=19% | Edge=-9.0%
→ GFS Miami 2026-03-22 (tz=America/New_York)...
  Miami: 30 membres GFS | moy=77.5°F | range=74–81°F
→ GFS Chicago 2026-03-22 (tz=America/Chicago)...
  Chicago: 30 membres GFS | moy=64.6°F | range=55–78°F
    🎯    ≤63°F → NO | GFS=57% vs Marché=68% | Edge=-11.8%
→ GFS Singapore 2026-03-22 (tz=Asia/Singapore)...
  Singapore: 30 membres GFS | moy=30.3°C | range=28–32°C
    🎯     30°C → YES | GFS=40% vs Marché=2% | Edge=+37.6%
    🎯     33°C → NO | GFS=0% vs Marché=34% | Edge=-33.5%
    🎯     31°C → YES | GFS=37% vs Marché=8% | Edge=+28.2%
→ GFS London 2026-03-22 (tz=Europe/London)...
  London: 30 membres GFS | moy=14.0°C | range=12–17°C
    🎯     13°C → YES | GFS=27% vs Marché=20% | Edge=+7.2%
    🎯     12°C → YES | GFS=10% vs Marché=3% | Edge=+7.1%
→ GFS Madrid 2026-03-21 (tz=Europe/Madrid)...
  Madrid: 30 membres GFS | moy=12.4°C | range=9–17°C
    🎯    ≤10°C → YES | GFS=33% vs Marché=6% | Edge=+27.5%
    🎯     13°C → NO | GFS=3% vs Marché=26% | Edge=-23.2%
    🎯     14°C → NO | GFS=10% vs Marché=26% | Edge=-15.5%
→ GFS Toronto 2026-03-21 (tz=America/Toronto)...
  Toronto: 30 membres GFS | moy=4.8°C | range=2–9°C
    🎯     ≥6°C → NO | GFS=27% vs Marché=50% | Edge=-22.8%
    🎯      2°C → YES | GFS=10% vs Marché=2% | Edge=+8.4%
    🎯      5°C → YES | GFS=33% vs Marché=26% | Edge=+7.8%
→ GFS Chicago 2026-03-21 (tz=America/Chicago)...
  Chicago: 30 membres GFS | moy=61.1°F | range=48–73°F
    🎯    ≤59°F → YES | GFS=30% vs Marché=5% | Edge=+25.3%
→ GFS Paris 2026-03-21 (tz=Europe/Paris)...
  Paris: 30 membres GFS | moy=15.0°C | range=12–16°C
    🎯     17°C → NO | GFS=0% vs Marché=34% | Edge=-34.0%
    🎯     15°C → YES | GFS=50% vs Marché=18% | Edge=+31.5%
    🎯    ≥18°C → NO | GFS=0% vs Marché=26% | Edge=-26.5%
→ GFS Seoul 2026-03-21 (tz=Asia/Seoul)...
  Seoul: 30 membres GFS | moy=7.6°C | range=7–8°C
    🎯      8°C → YES | GFS=57% vs Marché=4% | Edge=+53.2%
    🎯      7°C → YES | GFS=43% vs Marché=2% | Edge=+41.8%
    🎯     12°C → NO | GFS=0% vs Marché=28% | Edge=-27.5%
→ GFS Miami 2026-03-21 (tz=America/New_York)...
  Miami: 30 membres GFS | moy=75.9°F | range=72–78°F
→ GFS London 2026-03-21 (tz=Europe/London)...
  London: 30 membres GFS | moy=13.0°C | range=12–15°C
    🎯     14°C → NO | GFS=17% vs Marché=38% | Edge=-20.8%
    🎯     13°C → YES | GFS=53% vs Marché=34% | Edge=+18.8%
    🎯     12°C → YES | GFS=23% vs Marché=10% | Edge=+12.8%
→ GFS Singapore 2026-03-21 (tz=Asia/Singapore)...
  Singapore: 30 membres GFS | moy=30.7°C | range=29–32°C
    🎯     31°C → YES | GFS=57% vs Marché=10% | Edge=+46.7%
    🎯     33°C → NO | GFS=0% vs Marché=36% | Edge=-36.5%
    🎯     32°C → NO | GFS=10% vs Marché=40% | Edge=-29.5%
→ GFS Taipei 2026-03-21 (tz=Asia/Taipei)...
  Taipei: 30 membres GFS | moy=22.2°C | range=20–24°C
    🎯     21°C → NO | GFS=17% vs Marché=26% | Edge=-9.8%
    🎯     23°C → YES | GFS=30% vs Marché=20% | Edge=+9.5%
    🎯     19°C → NO | GFS=0% vs Marché=7% | Edge=-7.3%
→ GFS Buenos Aires 2026-03-21 (tz=America/Argentina/Buenos_Aires)...
  Buenos Aires: 30 membres GFS | moy=24.8°C | range=23–27°C
    🎯     25°C → YES | GFS=27% vs Marché=18% | Edge=+8.7%
    🎯     27°C → NO | GFS=3% vs Marché=8% | Edge=-5.2%
→ GFS Tokyo 2026-03-21 (tz=Asia/Tokyo)...
  Tokyo: 30 membres GFS | moy=15.5°C | range=14–17°C
    🎯     16°C → YES | GFS=47% vs Marché=20% | Edge=+26.7%
    🎯     13°C → NO | GFS=0% vs Marché=14% | Edge=-14.5%
    🎯     14°C → NO | GFS=13% vs Marché=26% | Edge=-12.2%
→ GFS Madrid 2026-03-20 (tz=Europe/Madrid)...
  Madrid: 30 membres GFS | moy=14.5°C | range=10–18°C
    🎯     15°C → YES | GFS=27% vs Marché=12% | Edge=+14.7%
    🎯    ≤12°C → NO | GFS=10% vs Marché=20% | Edge=-10.5%
    🎯     14°C → NO | GFS=20% vs Marché=26% | Edge=-5.5%
→ GFS Toronto 2026-03-20 (tz=America/Toronto)...
  Toronto: 30 membres GFS | moy=6.2°C | range=-0–10°C
    🎯      8°C → NO | GFS=17% vs Marché=27% | Edge=-10.1%
    🎯    ≥11°C → NO | GFS=0% vs Marché=9% | Edge=-8.9%
    🎯      5°C → YES | GFS=10% vs Marché=5% | Edge=+5.4%
→ GFS Buenos Aires 2026-03-20 (tz=America/Argentina/Buenos_Aires)...
  Buenos Aires: 30 membres GFS | moy=29.0°C | range=27–31°C
    🎯     29°C → YES | GFS=43% vs Marché=29% | Edge=+14.3%
    🎯     28°C → YES | GFS=20% vs Marché=13% | Edge=+7.0%
    🎯     32°C → NO | GFS=0% vs Marché=6% | Edge=-5.5%
→ GFS Paris 2026-03-20 (tz=Europe/Paris)...
  Paris: 30 membres GFS | moy=15.7°C | range=15–17°C
    🎯     15°C → YES | GFS=43% vs Marché=2% | Edge=+41.1%
    🎯     17°C → NO | GFS=7% vs Marché=47% | Edge=-40.3%
    🎯     16°C → YES | GFS=50% vs Marché=22% | Edge=+27.5%
→ GFS Miami 2026-03-20 (tz=America/New_York)...
  Miami: 30 membres GFS | moy=74.0°F | range=71–77°F
→ GFS Tokyo 2026-03-20 (tz=Asia/Tokyo)...
  Tokyo: 30 membres GFS | moy=12.9°C | range=12–14°C
    🎯    ≤13°C → YES | GFS=100% vs Marché=88% | Edge=+12.5%
→ GFS Seoul 2026-03-20 (tz=Asia/Seoul)...
  Seoul: 30 membres GFS | moy=8.3°C | range=8–9°C
    🎯      8°C → YES | GFS=70% vs Marché=2% | Edge=+67.9%
    🎯     12°C → NO | GFS=0% vs Marché=32% | Edge=-31.5%
    🎯     11°C → NO | GFS=0% vs Marché=30% | Edge=-29.5%
→ GFS Chicago 2026-03-20 (tz=America/Chicago)...
  Chicago: 30 membres GFS | moy=63.1°F | range=56–68°F
→ GFS Taipei 2026-03-20 (tz=Asia/Taipei)...
  Taipei: 30 membres GFS | moy=22.5°C | range=22–23°C
    🎯     23°C → YES | GFS=60% vs Marché=40% | Edge=+19.5%
    🎯     24°C → NO | GFS=0% vs Marché=17% | Edge=-17.0%
    🎯     25°C → NO | GFS=0% vs Marché=14% | Edge=-13.5%
→ GFS London 2026-03-20 (tz=Europe/London)...
  London: 30 membres GFS | moy=13.9°C | range=13–15°C
    🎯     14°C → YES | GFS=60% vs Marché=32% | Edge=+28.0%
    🎯     15°C → NO | GFS=20% vs Marché=40% | Edge=-20.0%
    🎯     16°C → NO | GFS=0% vs Marché=11% | Edge=-11.1%
→ GFS Singapore 2026-03-20 (tz=Asia/Singapore)...
  Singapore: 30 membres GFS | moy=30.9°C | range=30–32°C
    🎯     31°C → YES | GFS=70% vs Marché=2% | Edge=+67.5%
    🎯     33°C → NO | GFS=0% vs Marché=47% | Edge=-47.0%
    🎯     32°C → NO | GFS=13% vs Marché=35% | Edge=-21.7%
📋 Copié vers /root/weather-poly/backend/../frontend/public/signals.json

✅ 199 signaux sauvegardés → /root/weather-poly/backend/signals.json

TOP 5 SIGNAUX:
  Seoul             8°C | YES | GFS=70% vs 2% | Edge=+67.9% | EV=+0.680
  Singapore        31°C | YES | GFS=70% vs 2% | Edge=+67.5% | EV=+0.671
  Seoul             8°C | YES | GFS=57% vs 4% | Edge=+53.2% | EV=+0.529
  Seoul            10°C | YES | GFS=53% vs 5% | Edge=+48.3% | EV=+0.483
  Singapore        33°C | NO | GFS=0% vs 47% | Edge=-47.0% | EV=+0.470
→ GitHub: 199 signaux pushés (2026-03-19 22:00 UTC)
