[22:01 UTC] Tracker démarré
  📡 199 signaux lus
  📝 Nouveau paper trade: Madrid 16°C NO
  📝 Nouveau paper trade: Buenos Aires 28°C YES
  📝 Nouveau paper trade: Paris 14°C NO
  ✅ 3 nouveau(x) paper trade(s)
  📊 205 trades exportés | WR=None% | PnL=+0.00$
  ✓ Tracker terminé
[22:31 UTC] Tracker démarré
  📡 81 signaux lus
  📝 Nouveau paper trade: Tokyo 17°C YES
  📝 Nouveau paper trade: London 14°C YES
  ✅ 2 nouveau(x) paper trade(s)
  📊 207 trades exportés | WR=None% | PnL=+0.00$
  ✓ Tracker terminé
[23:01 UTC] Tracker démarré
  📡 168 signaux lus
  📝 Nouveau paper trade: Paris 16°C NO
  📝 Nouveau paper trade: Tokyo 19°C YES
  📝 Nouveau paper trade: Taipei 23°C YES
  📝 Nouveau paper trade: Toronto -1°C NO
  📝 Nouveau paper trade: Toronto 4°C NO
  ✅ 5 nouveau(x) paper trade(s)
  📊 238 trades exportés | WR=None% | PnL=+0.00$
  ✓ Tracker terminé
[23:31 UTC] Tracker démarré
  📡 174 signaux lus
  📝 Nouveau paper trade: Seoul 12°C NO
  📝 Nouveau paper trade: Tokyo 15°C YES
  📝 Nouveau paper trade: Taipei 24°C NO
  📝 Nouveau paper trade: Buenos Aires 27°C NO
  📝 Nouveau paper trade: Toronto 4°C YES
  📝 Nouveau paper trade: Seoul 10°C NO
  ✅ 6 nouveau(x) paper trade(s)
  📊 244 trades exportés | WR=None% | PnL=+0.00$
  ✓ Tracker terminé
[00:01 UTC] Tracker démarré
  📡 172 signaux lus
  📝 Nouveau paper trade: Paris 13°C YES
  ✅ 1 nouveau(x) paper trade(s)
  🔍 Vérification de 48 trade(s) potentiellement résolus...
  📊 245 trades exportés | WR=None% | PnL=+0.00$
  ✓ Tracker terminé
[00:31 UTC] Tracker démarré
  📡 177 signaux lus
  📝 Nouveau paper trade: Toronto ≤-5°C NO
  📝 Nouveau paper trade: London 10°C NO
  📝 Nouveau paper trade: Madrid 18°C NO
  📝 Nouveau paper trade: Miami ≥88°F NO
  📝 Nouveau paper trade: Toronto ≤12°C NO
  ✅ 5 nouveau(x) paper trade(s)
  🔍 Vérification de 48 trade(s) potentiellement résolus...
  📊 250 trades exportés | WR=None% | PnL=+0.00$
  ✓ Tracker terminé
[01:01 UTC] Tracker démarré
  📡 175 signaux lus
  📝 Nouveau paper trade: Toronto 6°C NO
  ✅ 1 nouveau(x) paper trade(s)
  🔍 Vérification de 49 trade(s) potentiellement résolus...
  📊 251 trades exportés | WR=None% | PnL=+0.00$
  ✓ Tracker terminé
[01:31 UTC] Tracker démarré
  📡 172 signaux lus
  ✅ 0 nouveau(x) paper trade(s)
  🔍 Vérification de 49 trade(s) potentiellement résolus...
  📊 251 trades exportés | WR=None% | PnL=+0.00$
  ✓ Tracker terminé
[02:01 UTC] Tracker démarré
  📡 170 signaux lus
  ✅ 0 nouveau(x) paper trade(s)
  🔍 Vérification de 49 trade(s) potentiellement résolus...
  📊 251 trades exportés | WR=None% | PnL=+0.00$
  ✓ Tracker terminé
[02:31 UTC] Tracker démarré
  📡 167 signaux lus
  ✅ 0 nouveau(x) paper trade(s)
  🔍 Vérification de 49 trade(s) potentiellement résolus...
  📊 251 trades exportés | WR=None% | PnL=+0.00$
  ✓ Tracker terminé
[03:01 UTC] Tracker démarré
  📡 161 signaux lus
  ✅ 0 nouveau(x) paper trade(s)
  🔍 Vérification de 49 trade(s) potentiellement résolus...
  📊 251 trades exportés | WR=None% | PnL=+0.00$
  ✓ Tracker terminé
[03:31 UTC] Tracker démarré
  📡 155 signaux lus
  ✅ 0 nouveau(x) paper trade(s)
  🔍 Vérification de 49 trade(s) potentiellement résolus...
  📊 251 trades exportés | WR=None% | PnL=+0.00$
  ✓ Tracker terminé
[04:01 UTC] Tracker démarré
  📡 157 signaux lus
  📝 Nouveau paper trade: Toronto 9°C NO
  ✅ 1 nouveau(x) paper trade(s)
  🔍 Vérification de 50 trade(s) potentiellement résolus...
  📊 252 trades exportés | WR=None% | PnL=+0.00$
  ✓ Tracker terminé
[04:31 UTC] Tracker démarré
  📡 153 signaux lus
  ✅ 0 nouveau(x) paper trade(s)
  🔍 Vérification de 50 trade(s) potentiellement résolus...
  📊 252 trades exportés | WR=None% | PnL=+0.00$
  ✓ Tracker terminé
[05:01 UTC] Tracker démarré
  📡 154 signaux lus
  ✅ 0 nouveau(x) paper trade(s)
  🔍 Vérification de 50 trade(s) potentiellement résolus...
  📊 252 trades exportés | WR=None% | PnL=+0.00$
  ✓ Tracker terminé
[05:31 UTC] Tracker démarré
  📡 154 signaux lus
  📝 Nouveau paper trade: Tokyo 14°C YES
  ✅ 1 nouveau(x) paper trade(s)
  🔍 Vérification de 51 trade(s) potentiellement résolus...
  📊 253 trades exportés | WR=None% | PnL=+0.00$
  ✓ Tracker terminé
[06:01 UTC] Tracker démarré
  📡 129 signaux lus
  ✅ 0 nouveau(x) paper trade(s)
  🔍 Vérification de 51 trade(s) potentiellement résolus...
  📊 253 trades exportés | WR=None% | PnL=+0.00$
  ✓ Tracker terminé
[06:31 UTC] Tracker démarré
  📡 125 signaux lus
  ✅ 0 nouveau(x) paper trade(s)
  🔍 Vérification de 51 trade(s) potentiellement résolus...
  📊 253 trades exportés | WR=None% | PnL=+0.00$
  ✓ Tracker terminé
[07:01 UTC] Tracker démarré
  📡 127 signaux lus
  ✅ 0 nouveau(x) paper trade(s)
  🔍 Vérification de 51 trade(s) potentiellement résolus...
  📊 253 trades exportés | WR=None% | PnL=+0.00$
  ✓ Tracker terminé
[07:31 UTC] Tracker démarré
  📡 125 signaux lus
  ✅ 0 nouveau(x) paper trade(s)
  🔍 Vérification de 51 trade(s) potentiellement résolus...
  📊 253 trades exportés | WR=None% | PnL=+0.00$
  ✓ Tracker terminé
[08:01 UTC] Tracker démarré
  📡 116 signaux lus
  ✅ 0 nouveau(x) paper trade(s)
  🔍 Vérification de 51 trade(s) potentiellement résolus...
  📊 253 trades exportés | WR=None% | PnL=+0.00$
  ✓ Tracker terminé
[08:31 UTC] Tracker démarré
  📡 123 signaux lus
  ✅ 0 nouveau(x) paper trade(s)
  🔍 Vérification de 51 trade(s) potentiellement résolus...
  📊 253 trades exportés | WR=None% | PnL=+0.00$
  ✓ Tracker terminé
[09:01 UTC] Tracker démarré
  📡 121 signaux lus
  📝 Nouveau paper trade: Tokyo ≥18°C YES
  ✅ 1 nouveau(x) paper trade(s)
  🔍 Vérification de 51 trade(s) potentiellement résolus...
  📊 254 trades exportés | WR=None% | PnL=+0.00$
  ✓ Tracker terminé
[09:31 UTC] Tracker démarré
  📡 116 signaux lus
  ✅ 0 nouveau(x) paper trade(s)
  🔍 Vérification de 51 trade(s) potentiellement résolus...
  📊 254 trades exportés | WR=None% | PnL=+0.00$
  ✓ Tracker terminé
[10:01 UTC] Tracker démarré
  📡 112 signaux lus
  ✅ 0 nouveau(x) paper trade(s)
  🔍 Vérification de 51 trade(s) potentiellement résolus...
  📊 254 trades exportés | WR=None% | PnL=+0.00$
  ✓ Tracker terminé
[10:31 UTC] Tracker démarré
  📡 149 signaux lus
  📝 Nouveau paper trade: Paris ≥22°C NO
  📝 Nouveau paper trade: Toronto ≤-4°C NO
  📝 Nouveau paper trade: Paris 18°C NO
  📝 Nouveau paper trade: Paris 19°C NO
  📝 Nouveau paper trade: Paris 20°C NO
  📝 Nouveau paper trade: Paris 21°C NO
  📝 Nouveau paper trade: Toronto -1°C NO
  📝 Nouveau paper trade: London 18°C NO
  📝 Nouveau paper trade: Toronto 2°C NO
  📝 Nouveau paper trade: Toronto -3°C NO
  📝 Nouveau paper trade: Singapore 27°C NO
  📝 Nouveau paper trade: Singapore 28°C NO
  📝 Nouveau paper trade: Toronto -2°C NO
  📝 Nouveau paper trade: Toronto 0°C NO
  📝 Nouveau paper trade: London 17°C NO
  📝 Nouveau paper trade: London 10°C NO
  📝 Nouveau paper trade: Singapore 33°C NO
  📝 Nouveau paper trade: Singapore 29°C NO
  📝 Nouveau paper trade: London 11°C NO
  📝 Nouveau paper trade: Paris ≤12°C NO
  📝 Nouveau paper trade: Paris 14°C NO
  📝 Nouveau paper trade: Singapore 26°C NO
  📝 Nouveau paper trade: Toronto 5°C NO
  📝 Nouveau paper trade: London 14°C YES
  📝 Nouveau paper trade: Paris 16°C YES
  📝 Nouveau paper trade: Toronto 4°C NO
  📝 Nouveau paper trade: Paris 13°C NO
  📝 Nouveau paper trade: Toronto 1°C NO
  📝 Nouveau paper trade: Singapore 30°C NO
  📝 Nouveau paper trade: Paris 15°C YES
  📝 Nouveau paper trade: Singapore 31°C YES
  ✅ 31 nouveau(x) paper trade(s)
  🔍 Vérification de 44 trade(s) potentiellement résolus...
  📊 285 trades exportés | WR=42.9% | PnL=-31.16$
  ✓ Tracker terminé
[11:01 UTC] Tracker démarré
  📡 189 signaux lus
  📝 Nouveau paper trade: Singapore ≥35°C NO
  📝 Nouveau paper trade: Buenos Aires 25°C NO
  📝 Nouveau paper trade: Tokyo 12°C NO
  📝 Nouveau paper trade: Tokyo 13°C NO
  📝 Nouveau paper trade: Tokyo 14°C NO
  📝 Nouveau paper trade: Buenos Aires 27°C NO
  📝 Nouveau paper trade: Buenos Aires 29°C NO
  📝 Nouveau paper trade: Seoul 8°C NO
  📝 Nouveau paper trade: Buenos Aires 28°C NO
  📝 Nouveau paper trade: Seoul 12°C NO
  📝 Nouveau paper trade: Taipei 25°C YES
  📝 Nouveau paper trade: Madrid 22°C NO
  📝 Nouveau paper trade: Buenos Aires 30°C NO
  📝 Nouveau paper trade: Madrid 15°C NO
  📝 Nouveau paper trade: Tokyo 18°C YES
  📝 Nouveau paper trade: Tokyo 19°C YES
  📝 Nouveau paper trade: Taipei 29°C NO
  📝 Nouveau paper trade: Buenos Aires 31°C NO
  📝 Nouveau paper trade: Buenos Aires 26°C NO
  📝 Nouveau paper trade: Taipei 30°C NO
  📝 Nouveau paper trade: London 15°C NO
  📝 Nouveau paper trade: Seoul 14°C NO
  📝 Nouveau paper trade: Taipei 23°C NO
  📝 Nouveau paper trade: Buenos Aires 32°C NO
  📝 Nouveau paper trade: Tokyo 15°C NO
  📝 Nouveau paper trade: Chicago ≥56°F NO
  📝 Nouveau paper trade: Taipei 22°C NO
  📝 Nouveau paper trade: Madrid 21°C NO
  📝 Nouveau paper trade: Madrid 14°C NO
  📝 Nouveau paper trade: Miami ≥92°F NO
  📝 Nouveau paper trade: London 16°C NO
  📝 Nouveau paper trade: Tokyo 16°C NO
  📝 Nouveau paper trade: Seoul 7°C NO
  📝 Nouveau paper trade: Singapore ≤25°C NO
  📝 Nouveau paper trade: Taipei 27°C NO
  📝 Nouveau paper trade: Tokyo 17°C NO
  📝 Nouveau paper trade: Seoul 13°C NO
  📝 Nouveau paper trade: Tokyo 20°C NO
  📝 Nouveau paper trade: Seoul 11°C NO
  📝 Nouveau paper trade: Madrid 16°C NO
  📝 Nouveau paper trade: Tokyo ≤10°C NO
  📝 Nouveau paper trade: Taipei 24°C NO
  📝 Nouveau paper trade: Toronto 3°C NO
  📝 Nouveau paper trade: Madrid 20°C NO
  📝 Nouveau paper trade: Miami ≤73°F NO
  📝 Nouveau paper trade: Seoul 6°C NO
  📝 Nouveau paper trade: London 13°C YES
  📝 Nouveau paper trade: Chicago ≤37°F NO
  📝 Nouveau paper trade: Paris 17°C NO
  ✅ 49 nouveau(x) paper trade(s)
  🔍 Vérification de 44 trade(s) potentiellement résolus...
  📊 334 trades exportés | WR=42.9% | PnL=-31.16$
  ✓ Tracker terminé
[11:31 UTC] Tracker démarré
  📡 196 signaux lus
  📝 Nouveau paper trade: Toronto ≥6°C YES
  📝 Nouveau paper trade: Buenos Aires ≤23°C YES
  📝 Nouveau paper trade: Madrid ≥23°C NO
  📝 Nouveau paper trade: Tokyo ≥21°C NO
  📝 Nouveau paper trade: Tokyo ≤11°C NO
  📝 Nouveau paper trade: Madrid ≤13°C NO
  📝 Nouveau paper trade: Buenos Aires ≥33°C NO
  ✅ 7 nouveau(x) paper trade(s)
  🔍 Vérification de 44 trade(s) potentiellement résolus...
  📊 341 trades exportés | WR=42.9% | PnL=-31.16$
  ✓ Tracker terminé
[12:01 UTC] Tracker démarré
  📡 195 signaux lus
  ✅ 0 nouveau(x) paper trade(s)
  📊 348 trades exportés | WR=54.9% | PnL=+625.24$
  ✓ Tracker terminé
[12:31 UTC] Tracker démarré
  📡 192 signaux lus
  📝 Nouveau paper trade: London ≥19°C NO
  📝 Nouveau paper trade: Madrid 18°C YES
  📝 Nouveau paper trade: Seoul ≥15°C NO
  📝 Nouveau paper trade: Buenos Aires 24°C NO
  📝 Nouveau paper trade: London 12°C NO
  📝 Nouveau paper trade: Taipei 26°C YES
  📝 Nouveau paper trade: London ≤9°C NO
  ✅ 7 nouveau(x) paper trade(s)
  🔍 Vérification de 44 trade(s) potentiellement résolus...
  📊 355 trades exportés | WR=42.9% | PnL=-31.16$
  ✓ Tracker terminé
[13:01 UTC] Tracker démarré
  📡 186 signaux lus
  📝 Nouveau paper trade: Seoul 10°C YES
  📝 Nouveau paper trade: Madrid 19°C NO
  ✅ 2 nouveau(x) paper trade(s)
  🔍 Vérification de 44 trade(s) potentiellement résolus...
  📊 357 trades exportés | WR=42.9% | PnL=-31.16$
  ✓ Tracker terminé
[13:31 UTC] Tracker démarré
  📡 183 signaux lus
  📝 Nouveau paper trade: Seoul ≤5°C NO
  ✅ 1 nouveau(x) paper trade(s)
  🔍 Vérification de 44 trade(s) potentiellement résolus...
  📊 358 trades exportés | WR=42.9% | PnL=-31.16$
  ✓ Tracker terminé
[14:01 UTC] Tracker démarré
  📡 180 signaux lus
  ✅ 0 nouveau(x) paper trade(s)
  🔍 Vérification de 44 trade(s) potentiellement résolus...
  📊 358 trades exportés | WR=42.9% | PnL=-31.16$
  ✓ Tracker terminé
[14:31 UTC] Tracker démarré
  📡 175 signaux lus
  📝 Nouveau paper trade: Chicago ≥54°F NO
  ✅ 1 nouveau(x) paper trade(s)
  🔍 Vérification de 44 trade(s) potentiellement résolus...
  📊 359 trades exportés | WR=42.9% | PnL=-31.16$
  ✓ Tracker terminé
[15:01 UTC] Tracker démarré
  📡 183 signaux lus
  📝 Nouveau paper trade: Taipei ≥31°C NO
  📝 Nouveau paper trade: Taipei ≤21°C NO
  ✅ 2 nouveau(x) paper trade(s)
  🔍 Vérification de 44 trade(s) potentiellement résolus...
  📊 361 trades exportés | WR=42.9% | PnL=-31.16$
  ✓ Tracker terminé
[15:31 UTC] Tracker démarré
  📡 181 signaux lus
  ✅ 0 nouveau(x) paper trade(s)
  🔍 Vérification de 44 trade(s) potentiellement résolus...
  ❌ Résolu: 0xc94fe5... → loss PnL=-10.00$
  📊 361 trades exportés | WR=37.5% | PnL=-41.16$
  ✓ Tracker terminé
[16:01 UTC] Tracker démarré
  📡 188 signaux lus
  ✅ 0 nouveau(x) paper trade(s)
  🔍 Vérification de 43 trade(s) potentiellement résolus...
  📊 361 trades exportés | WR=37.5% | PnL=-41.16$
  ✓ Tracker terminé
[16:31 UTC] Tracker démarré
  📡 172 signaux lus
  ✅ 0 nouveau(x) paper trade(s)
  🔍 Vérification de 43 trade(s) potentiellement résolus...
  📊 361 trades exportés | WR=37.5% | PnL=-41.16$
  ✓ Tracker terminé
[17:01 UTC] Tracker démarré
  📡 179 signaux lus
  ✅ 0 nouveau(x) paper trade(s)
  🔍 Vérification de 43 trade(s) potentiellement résolus...
  ❌ Résolu: 0x7c39be... → loss PnL=-10.00$
  ❌ Résolu: 0x9da43f... → loss PnL=-10.00$
  📊 361 trades exportés | WR=30.0% | PnL=-61.16$
  ✓ Tracker terminé
